<?xml version="1.0" encoding="UTF-8"?>
<testsuite name="ComputerRepairRequestTest" tests="2" skipped="0" failures="0" errors="0" timestamp="2023-03-06T14:49:55" hostname="DESKTOP-HUNB3BB" time="0.037">
  <properties/>
  <testcase name="First Test" classname="ComputerRepairRequestTest" time="0.034"/>
  <testcase name="Test Exemplu" classname="ComputerRepairRequestTest" time="0.001"/>
  <system-out><![CDATA[]]></system-out>
  <system-err><![CDATA[]]></system-err>
</testsuite>
